<?xml version="1.0" encoding="UTF-8"?>
<testng-results skipped="0" failed="0" ignored="0" total="1" passed="1">
  <reporter-output>
  </reporter-output>
  <suite name="Default suite" duration-ms="68430" started-at="2019-07-15T09:53:33Z" finished-at="2019-07-15T09:54:41Z">
    <groups>
    </groups>
    <test name="Default test" duration-ms="68430" started-at="2019-07-15T09:53:33Z" finished-at="2019-07-15T09:54:41Z">
      <class name="demo1.WebDriver_Demo2">
        <test-method status="PASS" signature="f()[pri:0, instance:demo1.WebDriver_Demo2@4439f31e]" name="f" duration-ms="68395" started-at="2019-07-15T09:53:33Z" finished-at="2019-07-15T09:54:41Z">
          <reporter-output>
          </reporter-output>
        </test-method> <!-- f -->
      </class> <!-- demo1.WebDriver_Demo2 -->
    </test> <!-- Default test -->
  </suite> <!-- Default suite -->
</testng-results>
